actionid: py37
msg: getenv
cmdargs: '/home/rwutscher/test/ShopingList/server/.tox/py37/bin/python -m pip install -rrequirements.txt'

Collecting flask (from -r requirements.txt (line 1))
  Using cached https://files.pythonhosted.org/packages/7f/e7/08578774ed4536d3242b14dacb4696386634607af824ea997202cd0edb4b/Flask-1.0.2-py2.py3-none-any.whl
Collecting flask_restful (from -r requirements.txt (line 2))
  Using cached https://files.pythonhosted.org/packages/17/44/6e490150ee443ca81d5f88b61bb4bbb133d44d75b0b716ebe92489508da4/Flask_RESTful-0.3.7-py2.py3-none-any.whl
Collecting Jinja2>=2.10 (from flask->-r requirements.txt (line 1))
  Using cached https://files.pythonhosted.org/packages/7f/ff/ae64bacdfc95f27a016a7bed8e8686763ba4d277a78ca76f32659220a731/Jinja2-2.10-py2.py3-none-any.whl
Collecting click>=5.1 (from flask->-r requirements.txt (line 1))
  Using cached https://files.pythonhosted.org/packages/fa/37/45185cb5abbc30d7257104c434fe0b07e5a195a6847506c074527aa599ec/Click-7.0-py2.py3-none-any.whl
Collecting Werkzeug>=0.14 (from flask->-r requirements.txt (line 1))
  Using cached https://files.pythonhosted.org/packages/24/4d/2fc4e872fbaaf44cc3fd5a9cd42fda7e57c031f08e28c9f35689e8b43198/Werkzeug-0.15.1-py2.py3-none-any.whl
Collecting itsdangerous>=0.24 (from flask->-r requirements.txt (line 1))
  Using cached https://files.pythonhosted.org/packages/76/ae/44b03b253d6fade317f32c24d100b3b35c2239807046a4c953c7b89fa49e/itsdangerous-1.1.0-py2.py3-none-any.whl
Collecting aniso8601>=0.82 (from flask_restful->-r requirements.txt (line 2))
  Using cached https://files.pythonhosted.org/packages/85/58/1e804d6d53435b1b2241036056360575640b69a332e7ead086a04bd5ad95/aniso8601-6.0.0-py2.py3-none-any.whl
Collecting pytz (from flask_restful->-r requirements.txt (line 2))
  Using cached https://files.pythonhosted.org/packages/61/28/1d3920e4d1d50b19bc5d24398a7cd85cc7b9a75a490570d5a30c57622d34/pytz-2018.9-py2.py3-none-any.whl
Collecting six>=1.3.0 (from flask_restful->-r requirements.txt (line 2))
  Using cached https://files.pythonhosted.org/packages/73/fb/00a976f728d0d1fecfe898238ce23f502a721c0ac0ecfedb80e0d88c64e9/six-1.12.0-py2.py3-none-any.whl
Collecting MarkupSafe>=0.23 (from Jinja2>=2.10->flask->-r requirements.txt (line 1))
  Using cached https://files.pythonhosted.org/packages/98/7b/ff284bd8c80654e471b769062a9b43cc5d03e7a615048d96f4619df8d420/MarkupSafe-1.1.1-cp37-cp37m-manylinux1_x86_64.whl
Installing collected packages: MarkupSafe, Jinja2, click, Werkzeug, itsdangerous, flask, aniso8601, pytz, six, flask-restful
Successfully installed Jinja2-2.10 MarkupSafe-1.1.1 Werkzeug-0.15.1 aniso8601-6.0.0 click-7.0 flask-1.0.2 flask-restful-0.3.7 itsdangerous-1.1.0 pytz-2018.9 six-1.12.0
